Connected to SQLite database
All database tables created successfully
node:events:486
      throw er; // Unhandled 'error' Token verification error: JsonWebTokenError: jwt malformed
    at module.exports [as verify] (/Users/gadgetzone/Documents/SIH-2025/TouristSystem/Tourist-Safety/backend/node_modules/jsonwebtoken/verify.js:70:17)
    at verifyToken (/Users/gadgetzone/Documents/SIH-2025/TouristSystem/Tourist-Safety/backend/middleware/auth.js:17:25)
    at Layer.handle [as handle_request] (/Users/gadgetzone/Documents/SIH-2025/TouristSystem/Tourist-Safety/backend/node_modules/express/lib/router/layer.js:95:5)
    at next (/Users/gadgetzone/Documents/SIH-2025/TouristSystem/Tourist-Safety/backend/node_modules/express/lib/router/route.js:149:13)
    at Route.dispatch (/Users/gadgetzone/Documents/SIH-2025/TouristSystem/Tourist-Safety/backend/node_modules/express/lib/router/route.js:119:3)
    at Layer.handle [as handle_request] (/Users/gadgetzone/Documents/SIH-2025/TouristSystem/Tourist-Safety/backend/node_modules/express/lib/router/layer.js:95:5)
    at /Users/gadgetzone/Documents/SIH-2025/TouristSystem/Tourist-Safety/backend/node_modules/express/lib/router/index.js:284:15
    at param (/Users/gadgetzone/Documents/SIH-2025/TouristSystem/Tourist-Safety/backend/node_modules/express/lib/router/index.js:365:14)
    at param (/Users/gadgetzone/Documents/SIH-2025/TouristSystem/Tourist-Safety/backend/node_modules/express/lib/router/index.js:376:14)
    at router.process_params (/Users/gadgetzone/Documents/SIH-2025/TouristSystem/Tourist-Safety/backend/node_modules/express/lib/router/index.js:421:3)
Token verification error: JsonWebTokenError: jwt malformed
    at module.exports [as verify] (/Users/gadgetzone/Documents/SIH-2025/TouristSystem/Tourist-Safety/backend/node_modules/jsonwebtoken/verify.js:70:17)
    at verifyToken (/Users/gadgetzone/Documents/SIH-2025/TouristSystem/Tourist-Safety/backend/middleware/auth.js:17:25)
    at Layer.handle [as handle_request] (/Users/gadgetzone/Documents/SIH-2025/TouristSystem/Tourist-Safety/backend/node_modules/express/lib/router/layer.js:95:5)
    at next (/Users/gadgetzone/Documents/SIH-2025/TouristSystem/Tourist-Safety/backend/node_modules/express/lib/router/route.js:149:13)
    at Route.dispatch (/Users/gadgetzone/Documents/SIH-2025/TouristSystem/Tourist-Safety/backend/node_modules/express/lib/router/route.js:119:3)
    at Layer.handle [as handle_request] (/Users/gadgetzone/Documents/SIH-2025/TouristSystem/Tourist-Safety/backend/node_modules/express/lib/router/layer.js:95:5)
    at /Users/gadgetzone/Documents/SIH-2025/TouristSystem/Tourist-Safety/backend/node_modules/express/lib/router/index.js:284:15
    at param (/Users/gadgetzone/Documents/SIH-2025/TouristSystem/Tourist-Safety/backend/node_modules/express/lib/router/index.js:365:14)
    at param (/Users/gadgetzone/Documents/SIH-2025/TouristSystem/Tourist-Safety/backend/node_modules/express/lib/router/index.js:376:14)
    at router.process_params (/Users/gadgetzone/Documents/SIH-2025/TouristSystem/Tourist-Safety/backend/node_modules/express/lib/router/index.js:421:3)
Token verification error: JsonWebTokenError: jwt malformed
    at module.exports [as verify] (/Users/gadgetzone/Documents/SIH-2025/TouristSystem/Tourist-Safety/backend/node_modules/jsonwebtoken/verify.js:70:17)
    at verifyToken (/Users/gadgetzone/Documents/SIH-2025/TouristSystem/Tourist-Safety/backend/middleware/auth.js:17:25)
    at Layer.handle [as handle_request] (/Users/gadgetzone/Documents/SIH-2025/TouristSystem/Tourist-Safety/backend/node_modules/express/lib/router/layer.js:95:5)
    at next (/Users/gadgetzone/Documents/SIH-2025/TouristSystem/Tourist-Safety/backend/node_modules/express/lib/router/route.js:149:13)
    at Route.dispatch (/Users/gadgetzone/Documents/SIH-2025/TouristSystem/Tourist-Safety/backend/node_modules/express/lib/router/route.js:119:3)
    at Layer.handle [as handle_request] (/Users/gadgetzone/Documents/SIH-2025/TouristSystem/Tourist-Safety/backend/node_modules/express/lib/router/layer.js:95:5)
    at /Users/gadgetzone/Documents/SIH-2025/TouristSystem/Tourist-Safety/backend/node_modules/express/lib/router/index.js:284:15
    at param (/Users/gadgetzone/Documents/SIH-2025/TouristSystem/Tourist-Safety/backend/node_modules/express/lib/router/index.js:365:14)
    at param (/Users/gadgetzone/Documents/SIH-2025/TouristSystem/Tourist-Safety/backend/node_modules/express/lib/router/index.js:376:14)
    at router.process_params (/Users/gadgetzone/Documents/SIH-2025/TouristSystem/Tourist-Safety/backend/node_modules/express/lib/router/index.js:421:3)
